<?xml version="1.0" encoding="UTF-8"?>
<testsuite name="greeter.GreeterSpec" tests="1" skipped="0" failures="0" errors="0" timestamp="2018-02-04T00:25:46" hostname="shanhongs-MacBook-Pro.local" time="0.112">
  <properties/>
  <testcase name="Calling the entry point" classname="greeter.GreeterSpec" time="0.112"/>
  <system-out><![CDATA[]]></system-out>
  <system-err><![CDATA[]]></system-err>
</testsuite>
